<?xml version="1.0" encoding="UTF-8" ?>
<testsuite errors="1" failures="0" hostname="ASHUTOSHS" name="catalog.view.builder.Test1" skipped="0" tests="1" time="0.0" timestamp="2013-12-09T11:29:28">
  <properties>
[...]
</properties>
  <error message="catalog.view.builder.Test1" type="java.lang.ClassNotFoundException">java.lang.ClassNotFoundException: catalog.view.builder.Test1
	at java.lang.ClassLoader.loadClass(Unknown Source)
	at java.lang.Class.forName0(Native Method)
	at java.lang.Class.forName(Unknown Source)
	at org.eclipse.ant.internal.launching.remote.EclipseDefaultExecutor.executeTargets(EclipseDefaultExecutor.java:32)
	at org.eclipse.ant.internal.launching.remote.InternalAntRunner.run(InternalAntRunner.java:452)
	at org.eclipse.ant.internal.launching.remote.InternalAntRunner.main(InternalAntRunner.java:139)
</error>
  <system-out><![CDATA[]]></system-out>
  <system-err><![CDATA[]]></system-err>
</testsuite>
